<?xml version="1.0" encoding="UTF-8"?>
<testsuite name="tests.PracticeBoxWithObjectsAndFakerTest" tests="1" skipped="0" failures="0" errors="0" timestamp="2023-04-06T15:38:32" hostname="HOME-PC" time="28.635">
  <properties/>
  <testcase name="Fill form and verify results" classname="tests.PracticeBoxWithObjectsAndFakerTest" time="28.635"/>
  <system-out><![CDATA[]]></system-out>
  <system-err><![CDATA[[Test worker] INFO com.codeborne.selenide.impl.WebDriverThreadLocalContainer - No webdriver is bound to current thread: 1 - let's create a new webdriver
[Test worker] INFO com.codeborne.selenide.webdriver.WebDriverFactory - BrowserName=chrome Version=100.0.4896.60 Platform=LINUX
[Test worker] INFO com.codeborne.selenide.webdriver.WebDriverFactory - Selenide v. 6.12.3
[Test worker] INFO com.codeborne.selenide.webdriver.WebDriverFactory - Selenium WebDriver v. 4.8.1 build revision: 8ebccac989
[Test worker] INFO com.codeborne.selenide.drivercommands.CreateDriverCommand - Created webdriver in thread 1: RemoteWebDriver -> RemoteWebDriver: chrome on LINUX (f26356014b0bece4b76a57b2183f2d01)
[Test worker] INFO com.codeborne.selenide.drivercommands.DisposablesRegistry - Register WebDriverInstance[config=StaticConfig,webDriver=RemoteWebDriver: chrome on LINUX (f26356014b0bece4b76a57b2183f2d01),proxy=null,downloadsFolder=null] in 1 [size=1]
[Test worker] INFO com.codeborne.selenide.drivercommands.DisposablesRegistry - Add shutdown hook in 1 [size=1]
[Test worker] INFO com.codeborne.selenide.impl.WebDriverThreadLocalContainer - Browser and proxy will stay open due to holdBrowserOpen=true: 1 -> RemoteWebDriver: chrome on LINUX (f26356014b0bece4b76a57b2183f2d01), null
]]></system-err>
</testsuite>
